2021-08-21 12:05:28,537 INFO org.springframework.boot.StartupInfoLogger [main] Starting StudentApiApplicationTests using Java 14.0.2 on Admins-MBP with PID 20683 (started by maheshgummaraju in /Users/maheshgummaraju/Documents/Projects/Java/Block1/student-api)
2021-08-21 12:05:28,541 DEBUG org.springframework.boot.StartupInfoLogger [main] Running with Spring Boot v2.5.3, Spring v5.3.9
2021-08-21 12:05:28,543 INFO org.springframework.boot.SpringApplication [main] The following profiles are active: test
2021-08-21 12:05:30,425 INFO org.springframework.data.repository.config.RepositoryConfigurationDelegate [main] Bootstrapping Spring Data JPA repositories in DEFAULT mode.
2021-08-21 12:05:30,507 INFO org.springframework.data.repository.config.RepositoryConfigurationDelegate [main] Finished Spring Data repository scanning in 70 ms. Found 1 JPA repository interfaces.
2021-08-21 12:05:31,429 INFO com.zaxxer.hikari.HikariDataSource [main] HikariPool-1 - Starting...
2021-08-21 12:05:31,890 INFO com.zaxxer.hikari.HikariDataSource [main] HikariPool-1 - Start completed.
2021-08-21 12:05:32,027 INFO org.hibernate.jpa.internal.util.LogHelper [main] HHH000204: Processing PersistenceUnitInfo [name: default]
2021-08-21 12:05:32,172 INFO org.hibernate.Version [main] HHH000412: Hibernate ORM core version 5.4.32.Final
2021-08-21 12:05:32,457 INFO org.hibernate.annotations.common.reflection.java.JavaReflectionManager [main] HCANN000001: Hibernate Commons Annotations {5.1.2.Final}
2021-08-21 12:05:32,683 INFO org.hibernate.dialect.Dialect [main] HHH000400: Using dialect: org.hibernate.dialect.H2Dialect
2021-08-21 12:05:33,765 INFO org.hibernate.engine.transaction.jta.platform.internal.JtaPlatformInitiator [main] HHH000490: Using JtaPlatform implementation: [org.hibernate.engine.transaction.jta.platform.internal.NoJtaPlatform]
2021-08-21 12:05:33,782 INFO org.springframework.orm.jpa.AbstractEntityManagerFactoryBean [main] Initialized JPA EntityManagerFactory for persistence unit 'default'
2021-08-21 12:05:35,058 WARN org.springframework.boot.autoconfigure.orm.jpa.JpaBaseConfiguration$JpaWebConfiguration [main] spring.jpa.open-in-view is enabled by default. Therefore, database queries may be performed during view rendering. Explicitly configure spring.jpa.open-in-view to disable this warning
2021-08-21 12:05:35,481 INFO org.springframework.boot.actuate.endpoint.web.EndpointLinksResolver [main] Exposing 1 endpoint(s) beneath base path '/actuator'
2021-08-21 12:05:37,003 INFO org.springframework.boot.StartupInfoLogger [main] Started StudentApiApplicationTests in 9.215 seconds (JVM running for 11.572)
2021-08-21 12:05:37,589 INFO org.springframework.test.context.support.AbstractTestContextBootstrapper [main] Neither @ContextConfiguration nor @ContextHierarchy found for test class [com.blockone.test.studentapi.controller.StudentControllerTests], using SpringBootContextLoader
2021-08-21 12:05:37,592 INFO org.springframework.test.context.support.AbstractContextLoader [main] Could not detect default resource locations for test class [com.blockone.test.studentapi.controller.StudentControllerTests]: no resource found for suffixes {-context.xml, Context.groovy}.
2021-08-21 12:05:37,593 INFO org.springframework.test.context.support.AnnotationConfigContextLoaderUtils [main] Could not detect default configuration classes for test class [com.blockone.test.studentapi.controller.StudentControllerTests]: StudentControllerTests does not declare any static, non-private, non-final, nested classes annotated with @Configuration.
2021-08-21 12:05:37,638 INFO org.springframework.boot.test.context.SpringBootTestContextBootstrapper [main] Found @SpringBootConfiguration com.blockone.test.studentapi.StudentApiApplication for test class com.blockone.test.studentapi.controller.StudentControllerTests
2021-08-21 12:05:37,640 INFO org.springframework.test.context.support.AbstractTestContextBootstrapper [main] Loaded default TestExecutionListener class names from location [META-INF/spring.factories]: [org.springframework.boot.test.mock.mockito.MockitoTestExecutionListener, org.springframework.boot.test.mock.mockito.ResetMocksTestExecutionListener, org.springframework.boot.test.autoconfigure.restdocs.RestDocsTestExecutionListener, org.springframework.boot.test.autoconfigure.web.client.MockRestServiceServerResetTestExecutionListener, org.springframework.boot.test.autoconfigure.web.servlet.MockMvcPrintOnlyOnFailureTestExecutionListener, org.springframework.boot.test.autoconfigure.web.servlet.WebDriverTestExecutionListener, org.springframework.boot.test.autoconfigure.webservices.client.MockWebServiceServerTestExecutionListener, org.springframework.test.context.web.ServletTestExecutionListener, org.springframework.test.context.support.DirtiesContextBeforeModesTestExecutionListener, org.springframework.test.context.event.ApplicationEventsTestExecutionListener, org.springframework.test.context.support.DependencyInjectionTestExecutionListener, org.springframework.test.context.support.DirtiesContextTestExecutionListener, org.springframework.test.context.transaction.TransactionalTestExecutionListener, org.springframework.test.context.jdbc.SqlScriptsTestExecutionListener, org.springframework.test.context.event.EventPublishingTestExecutionListener]
2021-08-21 12:05:37,640 INFO org.springframework.test.context.support.AbstractTestContextBootstrapper [main] Using TestExecutionListeners: [org.springframework.test.context.web.ServletTestExecutionListener@511bba30, org.springframework.test.context.support.DirtiesContextBeforeModesTestExecutionListener@5dd5c166, org.springframework.test.context.event.ApplicationEventsTestExecutionListener@19756873, org.springframework.boot.test.mock.mockito.MockitoTestExecutionListener@2597de4c, org.springframework.boot.test.autoconfigure.SpringBootDependencyInjectionTestExecutionListener@29d13af4, org.springframework.test.context.support.DirtiesContextTestExecutionListener@5afc1059, org.springframework.test.context.transaction.TransactionalTestExecutionListener@6878cd85, org.springframework.test.context.jdbc.SqlScriptsTestExecutionListener@73061b78, org.springframework.test.context.event.EventPublishingTestExecutionListener@53a08976, org.springframework.boot.test.mock.mockito.ResetMocksTestExecutionListener@69e43583, org.springframework.boot.test.autoconfigure.restdocs.RestDocsTestExecutionListener@475ed9df, org.springframework.boot.test.autoconfigure.web.client.MockRestServiceServerResetTestExecutionListener@4c0d797, org.springframework.boot.test.autoconfigure.web.servlet.MockMvcPrintOnlyOnFailureTestExecutionListener@53fc0540, org.springframework.boot.test.autoconfigure.web.servlet.WebDriverTestExecutionListener@1b7c7a91, org.springframework.boot.test.autoconfigure.webservices.client.MockWebServiceServerTestExecutionListener@2a5dc800]
2021-08-21 12:05:37,727 INFO org.springframework.boot.StartupInfoLogger [main] Starting StudentControllerTests using Java 14.0.2 on Admins-MBP with PID 20683 (started by maheshgummaraju in /Users/maheshgummaraju/Documents/Projects/Java/Block1/student-api)
2021-08-21 12:05:37,727 DEBUG org.springframework.boot.StartupInfoLogger [main] Running with Spring Boot v2.5.3, Spring v5.3.9
2021-08-21 12:05:37,727 INFO org.springframework.boot.SpringApplication [main] The following profiles are active: test
2021-08-21 12:05:38,696 INFO org.springframework.mock.web.MockServletContext [main] Initializing Spring TestDispatcherServlet ''
2021-08-21 12:05:38,697 INFO org.springframework.web.servlet.FrameworkServlet [main] Initializing Servlet ''
2021-08-21 12:05:38,700 INFO org.springframework.web.servlet.FrameworkServlet [main] Completed initialization in 3 ms
2021-08-21 12:05:38,760 INFO org.springframework.boot.StartupInfoLogger [main] Started StudentControllerTests in 1.115 seconds (JVM running for 13.329)
2021-08-21 12:05:38,975 DEBUG com.blockone.test.studentapi.controller.StudentController [main] Updating student with id [99]
2021-08-21 12:05:38,983 ERROR com.blockone.test.studentapi.exception.ResourceNotFoundException [main] Student not found with id : '99'
2021-08-21 12:05:39,039 WARN com.blockone.test.studentapi.controller.StudentController [main] Student with id [1] already available
2021-08-21 12:05:39,083 DEBUG com.blockone.test.studentapi.controller.StudentController [main] Deleting student with id [1]
2021-08-21 12:05:39,104 DEBUG com.blockone.test.studentapi.controller.StudentController [main] Fetching student details with with clazz [1 C]
2021-08-21 12:05:39,209 ERROR com.blockone.test.studentapi.controller.StudentController [main] Student details or id cannot be null
2021-08-21 12:05:39,223 DEBUG com.blockone.test.studentapi.controller.StudentController [main] Updating student with id [1]
2021-08-21 12:05:39,224 DEBUG com.blockone.test.studentapi.controller.StudentController [main] Student with id=1 updated successfully
2021-08-21 12:05:39,237 DEBUG com.blockone.test.studentapi.controller.StudentController [main] Fetching student details with with id [99]
2021-08-21 12:05:39,238 ERROR com.blockone.test.studentapi.exception.ResourceNotFoundException [main] Student not found with id : '99'
2021-08-21 12:05:39,255 DEBUG com.blockone.test.studentapi.controller.StudentController [main] Deleting student with id [1]
2021-08-21 12:05:39,256 ERROR com.blockone.test.studentapi.exception.ResourceNotFoundException [main] Student not found with id : '1'
2021-08-21 12:05:39,268 DEBUG com.blockone.test.studentapi.controller.StudentController [main] Adding student with id [1]
2021-08-21 12:05:39,289 DEBUG com.blockone.test.studentapi.controller.StudentController [main] Fetching student details with with clazz [99 C]
2021-08-21 12:05:39,291 DEBUG com.blockone.test.studentapi.controller.StudentController [main] No students are available in clazz [99 C]
2021-08-21 12:05:39,312 ERROR com.blockone.test.studentapi.controller.StudentController [main] Student details or id cannot be null
2021-08-21 12:05:39,325 DEBUG com.blockone.test.studentapi.controller.StudentController [main] Fetching student details with with id [1]
2021-08-21 12:05:39,429 INFO org.springframework.orm.jpa.AbstractEntityManagerFactoryBean [SpringApplicationShutdownHook] Closing JPA EntityManagerFactory for persistence unit 'default'
2021-08-21 12:05:39,431 INFO org.hibernate.tool.schema.internal.SchemaDropperImpl$DelayedDropActionImpl [SpringApplicationShutdownHook] HHH000477: Starting delayed evictData of schema as part of SessionFactory shut-down'
2021-08-21 12:05:39,643 INFO com.zaxxer.hikari.HikariDataSource [SpringApplicationShutdownHook] HikariPool-1 - Shutdown initiated...
2021-08-21 12:05:39,649 INFO com.zaxxer.hikari.HikariDataSource [SpringApplicationShutdownHook] HikariPool-1 - Shutdown completed.
2021-08-21 12:06:50,897 INFO org.springframework.boot.StartupInfoLogger [main] Starting StudentControllerTests using Java 14.0.2 on Admins-MBP with PID 20738 (started by maheshgummaraju in /Users/maheshgummaraju/Documents/Projects/Java/Block1/student-api)
2021-08-21 12:06:50,898 DEBUG org.springframework.boot.StartupInfoLogger [main] Running with Spring Boot v2.5.3, Spring v5.3.9
2021-08-21 12:06:50,899 INFO org.springframework.boot.SpringApplication [main] The following profiles are active: test
2021-08-21 12:06:53,514 INFO org.springframework.mock.web.MockServletContext [main] Initializing Spring TestDispatcherServlet ''
2021-08-21 12:06:53,515 INFO org.springframework.web.servlet.FrameworkServlet [main] Initializing Servlet ''
2021-08-21 12:06:53,519 INFO org.springframework.web.servlet.FrameworkServlet [main] Completed initialization in 3 ms
2021-08-21 12:06:53,591 INFO org.springframework.boot.StartupInfoLogger [main] Started StudentControllerTests in 3.361 seconds (JVM running for 5.834)
2021-08-21 12:06:53,784 DEBUG com.blockone.test.studentapi.controller.StudentController [main] Updating student with id [1]
2021-08-21 12:06:53,787 DEBUG com.blockone.test.studentapi.controller.StudentController [main] Student with id=1 updated successfully
2021-08-21 12:08:24,819 INFO org.springframework.boot.StartupInfoLogger [main] Starting StudentControllerTests using Java 14.0.2 on Admins-MBP with PID 20757 (started by maheshgummaraju in /Users/maheshgummaraju/Documents/Projects/Java/Block1/student-api)
2021-08-21 12:08:24,820 DEBUG org.springframework.boot.StartupInfoLogger [main] Running with Spring Boot v2.5.3, Spring v5.3.9
2021-08-21 12:08:24,821 INFO org.springframework.boot.SpringApplication [main] The following profiles are active: test
2021-08-21 12:08:27,313 INFO org.springframework.mock.web.MockServletContext [main] Initializing Spring TestDispatcherServlet ''
2021-08-21 12:08:27,314 INFO org.springframework.web.servlet.FrameworkServlet [main] Initializing Servlet ''
2021-08-21 12:08:27,316 INFO org.springframework.web.servlet.FrameworkServlet [main] Completed initialization in 2 ms
2021-08-21 12:08:27,372 INFO org.springframework.boot.StartupInfoLogger [main] Started StudentControllerTests in 3.512 seconds (JVM running for 5.704)
2021-08-21 12:08:27,571 DEBUG com.blockone.test.studentapi.controller.StudentController [main] Updating student with id [99]
2021-08-21 12:08:27,576 ERROR com.blockone.test.studentapi.exception.ResourceNotFoundException [main] Student not found with id : '99'
2021-08-21 12:08:27,613 WARN com.blockone.test.studentapi.controller.StudentController [main] Student with id [1] already available
2021-08-21 12:08:27,661 DEBUG com.blockone.test.studentapi.controller.StudentController [main] Deleting student with id [1]
2021-08-21 12:08:27,719 DEBUG com.blockone.test.studentapi.controller.StudentController [main] Fetching student details with with clazz [1 C]
2021-08-21 12:08:27,794 ERROR com.blockone.test.studentapi.controller.StudentController [main] Student details or id cannot be null
2021-08-21 12:08:27,812 DEBUG com.blockone.test.studentapi.controller.StudentController [main] Updating student with id [1]
2021-08-21 12:08:27,813 DEBUG com.blockone.test.studentapi.controller.StudentController [main] Student with id=1 updated successfully
2021-08-21 12:08:27,831 DEBUG com.blockone.test.studentapi.controller.StudentController [main] Fetching student details with with id [99]
2021-08-21 12:08:27,832 ERROR com.blockone.test.studentapi.exception.ResourceNotFoundException [main] Student not found with id : '99'
2021-08-21 12:08:27,844 DEBUG com.blockone.test.studentapi.controller.StudentController [main] Deleting student with id [1]
2021-08-21 12:08:27,845 ERROR com.blockone.test.studentapi.exception.ResourceNotFoundException [main] Student not found with id : '1'
2021-08-21 12:08:27,864 DEBUG com.blockone.test.studentapi.controller.StudentController [main] Adding student with id [1]
2021-08-21 12:08:27,895 DEBUG com.blockone.test.studentapi.controller.StudentController [main] Fetching student details with with clazz [99 C]
2021-08-21 12:08:27,896 DEBUG com.blockone.test.studentapi.controller.StudentController [main] No students are available in clazz [99 C]
2021-08-21 12:08:27,911 ERROR com.blockone.test.studentapi.controller.StudentController [main] Student details or id cannot be null
2021-08-21 12:08:27,932 DEBUG com.blockone.test.studentapi.controller.StudentController [main] Fetching student details with with id [1]
2021-08-21 12:20:49,696 INFO org.springframework.boot.StartupInfoLogger [main] Starting StudentApiApplicationTests using Java 14.0.2 on Admins-MBP with PID 20902 (started by maheshgummaraju in /Users/maheshgummaraju/Documents/Projects/Java/Block1/student-api)
2021-08-21 12:20:49,700 DEBUG org.springframework.boot.StartupInfoLogger [main] Running with Spring Boot v2.5.3, Spring v5.3.9
2021-08-21 12:20:49,702 INFO org.springframework.boot.SpringApplication [main] The following profiles are active: test
2021-08-21 12:20:51,561 INFO org.springframework.data.repository.config.RepositoryConfigurationDelegate [main] Bootstrapping Spring Data JPA repositories in DEFAULT mode.
2021-08-21 12:20:51,627 INFO org.springframework.data.repository.config.RepositoryConfigurationDelegate [main] Finished Spring Data repository scanning in 58 ms. Found 1 JPA repository interfaces.
2021-08-21 12:20:52,559 INFO com.zaxxer.hikari.HikariDataSource [main] HikariPool-1 - Starting...
2021-08-21 12:20:53,049 INFO com.zaxxer.hikari.HikariDataSource [main] HikariPool-1 - Start completed.
2021-08-21 12:20:53,166 INFO org.hibernate.jpa.internal.util.LogHelper [main] HHH000204: Processing PersistenceUnitInfo [name: default]
2021-08-21 12:20:53,248 INFO org.hibernate.Version [main] HHH000412: Hibernate ORM core version 5.4.32.Final
2021-08-21 12:20:53,455 INFO org.hibernate.annotations.common.reflection.java.JavaReflectionManager [main] HCANN000001: Hibernate Commons Annotations {5.1.2.Final}
2021-08-21 12:20:53,660 INFO org.hibernate.dialect.Dialect [main] HHH000400: Using dialect: org.hibernate.dialect.H2Dialect
2021-08-21 12:20:54,627 INFO org.hibernate.engine.transaction.jta.platform.internal.JtaPlatformInitiator [main] HHH000490: Using JtaPlatform implementation: [org.hibernate.engine.transaction.jta.platform.internal.NoJtaPlatform]
2021-08-21 12:20:54,645 INFO org.springframework.orm.jpa.AbstractEntityManagerFactoryBean [main] Initialized JPA EntityManagerFactory for persistence unit 'default'
2021-08-21 12:20:55,718 WARN org.springframework.boot.autoconfigure.orm.jpa.JpaBaseConfiguration$JpaWebConfiguration [main] spring.jpa.open-in-view is enabled by default. Therefore, database queries may be performed during view rendering. Explicitly configure spring.jpa.open-in-view to disable this warning
2021-08-21 12:20:56,103 INFO org.springframework.boot.actuate.endpoint.web.EndpointLinksResolver [main] Exposing 1 endpoint(s) beneath base path '/actuator'
2021-08-21 12:20:57,532 INFO org.springframework.boot.StartupInfoLogger [main] Started StudentApiApplicationTests in 8.521 seconds (JVM running for 10.525)
2021-08-21 12:20:57,973 INFO org.springframework.test.context.support.AbstractTestContextBootstrapper [main] Neither @ContextConfiguration nor @ContextHierarchy found for test class [com.blockone.test.studentapi.controller.StudentControllerTests], using SpringBootContextLoader
2021-08-21 12:20:57,974 INFO org.springframework.test.context.support.AbstractContextLoader [main] Could not detect default resource locations for test class [com.blockone.test.studentapi.controller.StudentControllerTests]: no resource found for suffixes {-context.xml, Context.groovy}.
2021-08-21 12:20:57,979 INFO org.springframework.test.context.support.AnnotationConfigContextLoaderUtils [main] Could not detect default configuration classes for test class [com.blockone.test.studentapi.controller.StudentControllerTests]: StudentControllerTests does not declare any static, non-private, non-final, nested classes annotated with @Configuration.
2021-08-21 12:20:58,031 INFO org.springframework.boot.test.context.SpringBootTestContextBootstrapper [main] Found @SpringBootConfiguration com.blockone.test.studentapi.StudentApiApplication for test class com.blockone.test.studentapi.controller.StudentControllerTests
2021-08-21 12:20:58,033 INFO org.springframework.test.context.support.AbstractTestContextBootstrapper [main] Loaded default TestExecutionListener class names from location [META-INF/spring.factories]: [org.springframework.boot.test.mock.mockito.MockitoTestExecutionListener, org.springframework.boot.test.mock.mockito.ResetMocksTestExecutionListener, org.springframework.boot.test.autoconfigure.restdocs.RestDocsTestExecutionListener, org.springframework.boot.test.autoconfigure.web.client.MockRestServiceServerResetTestExecutionListener, org.springframework.boot.test.autoconfigure.web.servlet.MockMvcPrintOnlyOnFailureTestExecutionListener, org.springframework.boot.test.autoconfigure.web.servlet.WebDriverTestExecutionListener, org.springframework.boot.test.autoconfigure.webservices.client.MockWebServiceServerTestExecutionListener, org.springframework.test.context.web.ServletTestExecutionListener, org.springframework.test.context.support.DirtiesContextBeforeModesTestExecutionListener, org.springframework.test.context.event.ApplicationEventsTestExecutionListener, org.springframework.test.context.support.DependencyInjectionTestExecutionListener, org.springframework.test.context.support.DirtiesContextTestExecutionListener, org.springframework.test.context.transaction.TransactionalTestExecutionListener, org.springframework.test.context.jdbc.SqlScriptsTestExecutionListener, org.springframework.test.context.event.EventPublishingTestExecutionListener]
2021-08-21 12:20:58,044 INFO org.springframework.test.context.support.AbstractTestContextBootstrapper [main] Using TestExecutionListeners: [org.springframework.test.context.web.ServletTestExecutionListener@35813bfa, org.springframework.test.context.support.DirtiesContextBeforeModesTestExecutionListener@511bba30, org.springframework.test.context.event.ApplicationEventsTestExecutionListener@5dd5c166, org.springframework.boot.test.mock.mockito.MockitoTestExecutionListener@19756873, org.springframework.boot.test.autoconfigure.SpringBootDependencyInjectionTestExecutionListener@2597de4c, org.springframework.test.context.support.DirtiesContextTestExecutionListener@29d13af4, org.springframework.test.context.transaction.TransactionalTestExecutionListener@5afc1059, org.springframework.test.context.jdbc.SqlScriptsTestExecutionListener@6878cd85, org.springframework.test.context.event.EventPublishingTestExecutionListener@73061b78, org.springframework.boot.test.mock.mockito.ResetMocksTestExecutionListener@53a08976, org.springframework.boot.test.autoconfigure.restdocs.RestDocsTestExecutionListener@69e43583, org.springframework.boot.test.autoconfigure.web.client.MockRestServiceServerResetTestExecutionListener@475ed9df, org.springframework.boot.test.autoconfigure.web.servlet.MockMvcPrintOnlyOnFailureTestExecutionListener@4c0d797, org.springframework.boot.test.autoconfigure.web.servlet.WebDriverTestExecutionListener@53fc0540, org.springframework.boot.test.autoconfigure.webservices.client.MockWebServiceServerTestExecutionListener@1b7c7a91]
2021-08-21 12:20:58,114 INFO org.springframework.boot.StartupInfoLogger [main] Starting StudentControllerTests using Java 14.0.2 on Admins-MBP with PID 20902 (started by maheshgummaraju in /Users/maheshgummaraju/Documents/Projects/Java/Block1/student-api)
2021-08-21 12:20:58,114 DEBUG org.springframework.boot.StartupInfoLogger [main] Running with Spring Boot v2.5.3, Spring v5.3.9
2021-08-21 12:20:58,115 INFO org.springframework.boot.SpringApplication [main] The following profiles are active: test
2021-08-21 12:20:58,778 INFO org.springframework.mock.web.MockServletContext [main] Initializing Spring TestDispatcherServlet ''
2021-08-21 12:20:58,778 INFO org.springframework.web.servlet.FrameworkServlet [main] Initializing Servlet ''
2021-08-21 12:20:58,779 INFO org.springframework.web.servlet.FrameworkServlet [main] Completed initialization in 1 ms
2021-08-21 12:20:58,795 INFO org.springframework.boot.StartupInfoLogger [main] Started StudentControllerTests in 0.725 seconds (JVM running for 11.787)
2021-08-21 12:20:58,942 DEBUG com.blockone.test.studentapi.controller.StudentController [main] Updating student with id [99]
2021-08-21 12:20:58,947 ERROR com.blockone.test.studentapi.exception.ResourceNotFoundException [main] Student not found with id : '99'
2021-08-21 12:20:58,986 WARN com.blockone.test.studentapi.controller.StudentController [main] Student with id [1] already available
2021-08-21 12:20:59,023 DEBUG com.blockone.test.studentapi.controller.StudentController [main] Deleting student with id [1]
2021-08-21 12:20:59,038 DEBUG com.blockone.test.studentapi.controller.StudentController [main] Fetching student details with with clazz [1 C]
2021-08-21 12:20:59,146 ERROR com.blockone.test.studentapi.controller.StudentController [main] Student details or id cannot be null
2021-08-21 12:20:59,159 DEBUG com.blockone.test.studentapi.controller.StudentController [main] Updating student with id [1]
2021-08-21 12:20:59,161 DEBUG com.blockone.test.studentapi.controller.StudentController [main] Student with id=1 updated successfully
2021-08-21 12:20:59,171 DEBUG com.blockone.test.studentapi.controller.StudentController [main] Fetching student details with with id [99]
2021-08-21 12:20:59,173 ERROR com.blockone.test.studentapi.exception.ResourceNotFoundException [main] Student not found with id : '99'
2021-08-21 12:20:59,193 DEBUG com.blockone.test.studentapi.controller.StudentController [main] Deleting student with id [1]
2021-08-21 12:20:59,195 ERROR com.blockone.test.studentapi.exception.ResourceNotFoundException [main] Student not found with id : '1'
2021-08-21 12:20:59,236 DEBUG com.blockone.test.studentapi.controller.StudentController [main] Adding student with id [1]
2021-08-21 12:20:59,261 DEBUG com.blockone.test.studentapi.controller.StudentController [main] Fetching student details with with clazz [99 C]
2021-08-21 12:20:59,263 DEBUG com.blockone.test.studentapi.controller.StudentController [main] No students are available in clazz [99 C]
2021-08-21 12:20:59,274 ERROR com.blockone.test.studentapi.controller.StudentController [main] Student details or id cannot be null
2021-08-21 12:20:59,293 DEBUG com.blockone.test.studentapi.controller.StudentController [main] Fetching student details with with id [1]
2021-08-21 12:20:59,351 INFO org.springframework.orm.jpa.AbstractEntityManagerFactoryBean [SpringApplicationShutdownHook] Closing JPA EntityManagerFactory for persistence unit 'default'
2021-08-21 12:20:59,355 INFO org.hibernate.tool.schema.internal.SchemaDropperImpl$DelayedDropActionImpl [SpringApplicationShutdownHook] HHH000477: Starting delayed evictData of schema as part of SessionFactory shut-down'
2021-08-21 12:20:59,556 INFO com.zaxxer.hikari.HikariDataSource [SpringApplicationShutdownHook] HikariPool-1 - Shutdown initiated...
2021-08-21 12:20:59,562 INFO com.zaxxer.hikari.HikariDataSource [SpringApplicationShutdownHook] HikariPool-1 - Shutdown completed.
